Started GET "/" for 127.0.0.1 at 2023-03-08 14:56:47 -0800

ActiveRecord::ConnectionNotEstablished - could not connect to server: No such file or directory
	Is the server running locally and accepting
	connections on Unix domain socket "/var/run/postgresql/.s.PGSQL.5432"?:

Started POST "/__better_errors/69d4804a107a2790/variables" for 127.0.0.1 at 2023-03-08 14:56:47 -0800
Started GET "/" for 127.0.0.1 at 2023-03-08 14:57:15 -0800

ActiveRecord::ConnectionNotEstablished - could not connect to server: No such file or directory
	Is the server running locally and accepting
	connections on Unix domain socket "/var/run/postgresql/.s.PGSQL.5432"?:

Started GET "/users" for 127.0.0.1 at 2023-03-08 15:00:11 -0800

ActiveRecord::ConnectionNotEstablished - could not connect to server: No such file or directory
	Is the server running locally and accepting
	connections on Unix domain socket "/var/run/postgresql/.s.PGSQL.5432"?:

Started GET "/users" for 127.0.0.1 at 2023-03-08 15:02:15 -0800

ActiveRecord::ConnectionNotEstablished - could not connect to server: No such file or directory
	Is the server running locally and accepting
	connections on Unix domain socket "/var/run/postgresql/.s.PGSQL.5432"?:

Started GET "/users" for 127.0.0.1 at 2023-03-08 15:03:55 -0800

ActiveRecord::ConnectionNotEstablished - could not connect to server: No such file or directory
	Is the server running locally and accepting
	connections on Unix domain socket "/var/run/postgresql/.s.PGSQL.5432"?:

Started GET "/users" for 127.0.0.1 at 2023-03-08 15:05:13 -0800

ActiveRecord::NoDatabaseError - We could not find your database: my_project_name_development. Which can be found in the database configuration file located at config/database.yml.
To resolve this issue:
- Did you create the database for this app, or delete it? You may need to create your database.
- Has the database name changed? Check your database.yml config has the correct database name.
To create your database, run:
        bin/rails db:create:

  [1m[35m (609.1ms)[0m  [1m[35mCREATE DATABASE "my_project_name_development" ENCODING = 'unicode'[0m
  [1m[35m (534.9ms)[0m  [1m[35mCREATE DATABASE "my_project_name_test" ENCODING = 'unicode'[0m
Started GET "/users" for 127.0.0.1 at 2023-03-08 15:05:42 -0800
Processing by UsersController#index as */*
No template found for UsersController#index, rendering head :no_content
Completed 204 No Content in 6ms (ActiveRecord: 0.0ms | Allocations: 660)


Started GET "/users" for 127.0.0.1 at 2023-03-08 15:07:30 -0800
Processing by UsersController#index as */*
  Rendering text template
  Rendered text template (Duration: 0.0ms | Allocations: 13)
Completed 200 OK in 10ms (Views: 9.9ms | ActiveRecord: 0.0ms | Allocations: 1333)


